  Group Student.cpp
C:\Users\Quixar\source\repos\Group Student\Group Student.cpp(283,13): warning C4566: character represented by universal-character-name '\u041A' cannot be represented in the current code page (1252)
C:\Users\Quixar\source\repos\Group Student\Group Student.cpp(283,13): warning C4566: character represented by universal-character-name '\u0430' cannot be represented in the current code page (1252)
C:\Users\Quixar\source\repos\Group Student\Group Student.cpp(283,13): warning C4566: character represented by universal-character-name '\u043A' cannot be represented in the current code page (1252)
C:\Users\Quixar\source\repos\Group Student\Group Student.cpp(283,13): warning C4566: character represented by universal-character-name '\u044F' cannot be represented in the current code page (1252)
C:\Users\Quixar\source\repos\Group Student\Group Student.cpp(283,13): warning C4566: character represented by universal-character-name '\u0443' cannot be represented in the current code page (1252)
C:\Users\Quixar\source\repos\Group Student\Group Student.cpp(283,13): warning C4566: character represented by universal-character-name '\u0442' cannot be represented in the current code page (1252)
C:\Users\Quixar\source\repos\Group Student\Group Student.cpp(283,13): warning C4566: character represented by universal-character-name '\u0435' cannot be represented in the current code page (1252)
C:\Users\Quixar\source\repos\Group Student\Group Student.cpp(283,13): warning C4566: character represented by universal-character-name '\u0431' cannot be represented in the current code page (1252)
C:\Users\Quixar\source\repos\Group Student\Group Student.cpp(283,13): warning C4566: character represented by universal-character-name '\u0444' cannot be represented in the current code page (1252)
C:\Users\Quixar\source\repos\Group Student\Group Student.cpp(283,13): warning C4566: character represented by universal-character-name '\u043C' cannot be represented in the current code page (1252)
C:\Users\Quixar\source\repos\Group Student\Group Student.cpp(283,13): warning C4566: character represented by universal-character-name '\u0438' cannot be represented in the current code page (1252)
C:\Users\Quixar\source\repos\Group Student\Group Student.cpp(283,13): warning C4566: character represented by universal-character-name '\u043B' cannot be represented in the current code page (1252)
C:\Users\Quixar\source\repos\Group Student\Group Student.cpp(286,13): warning C4566: character represented by universal-character-name '\u041A' cannot be represented in the current code page (1252)
C:\Users\Quixar\source\repos\Group Student\Group Student.cpp(286,13): warning C4566: character represented by universal-character-name '\u0430' cannot be represented in the current code page (1252)
C:\Users\Quixar\source\repos\Group Student\Group Student.cpp(286,13): warning C4566: character represented by universal-character-name '\u043A' cannot be represented in the current code page (1252)
C:\Users\Quixar\source\repos\Group Student\Group Student.cpp(286,13): warning C4566: character represented by universal-character-name '\u0442' cannot be represented in the current code page (1252)
C:\Users\Quixar\source\repos\Group Student\Group Student.cpp(286,13): warning C4566: character represented by universal-character-name '\u0435' cannot be represented in the current code page (1252)
C:\Users\Quixar\source\repos\Group Student\Group Student.cpp(286,13): warning C4566: character represented by universal-character-name '\u0431' cannot be represented in the current code page (1252)
C:\Users\Quixar\source\repos\Group Student\Group Student.cpp(286,13): warning C4566: character represented by universal-character-name '\u044F' cannot be represented in the current code page (1252)
C:\Users\Quixar\source\repos\Group Student\Group Student.cpp(286,13): warning C4566: character represented by universal-character-name '\u0437' cannot be represented in the current code page (1252)
C:\Users\Quixar\source\repos\Group Student\Group Student.cpp(286,13): warning C4566: character represented by universal-character-name '\u043E' cannot be represented in the current code page (1252)
C:\Users\Quixar\source\repos\Group Student\Group Student.cpp(286,13): warning C4566: character represented by universal-character-name '\u0432' cannot be represented in the current code page (1252)
C:\Users\Quixar\source\repos\Group Student\Group Student.cpp(286,13): warning C4566: character represented by universal-character-name '\u0443' cannot be represented in the current code page (1252)
C:\Users\Quixar\source\repos\Group Student\Group Student.cpp(289,13): warning C4566: character represented by universal-character-name '\u041A' cannot be represented in the current code page (1252)
C:\Users\Quixar\source\repos\Group Student\Group Student.cpp(289,13): warning C4566: character represented by universal-character-name '\u0430' cannot be represented in the current code page (1252)
C:\Users\Quixar\source\repos\Group Student\Group Student.cpp(289,13): warning C4566: character represented by universal-character-name '\u043A' cannot be represented in the current code page (1252)
C:\Users\Quixar\source\repos\Group Student\Group Student.cpp(289,13): warning C4566: character represented by universal-character-name '\u043E' cannot be represented in the current code page (1252)
C:\Users\Quixar\source\repos\Group Student\Group Student.cpp(289,13): warning C4566: character represented by universal-character-name '\u0435' cannot be represented in the current code page (1252)
C:\Users\Quixar\source\repos\Group Student\Group Student.cpp(289,13): warning C4566: character represented by universal-character-name '\u0443' cannot be represented in the current code page (1252)
C:\Users\Quixar\source\repos\Group Student\Group Student.cpp(289,13): warning C4566: character represented by universal-character-name '\u0442' cannot be represented in the current code page (1252)
C:\Users\Quixar\source\repos\Group Student\Group Student.cpp(289,13): warning C4566: character represented by universal-character-name '\u0431' cannot be represented in the current code page (1252)
C:\Users\Quixar\source\repos\Group Student\Group Student.cpp(289,13): warning C4566: character represented by universal-character-name '\u044F' cannot be represented in the current code page (1252)
C:\Users\Quixar\source\repos\Group Student\Group Student.cpp(289,13): warning C4566: character represented by universal-character-name '\u0447' cannot be represented in the current code page (1252)
C:\Users\Quixar\source\repos\Group Student\Group Student.cpp(289,13): warning C4566: character represented by universal-character-name '\u0441' cannot be represented in the current code page (1252)
C:\Users\Quixar\source\repos\Group Student\Group Student.cpp(289,13): warning C4566: character represented by universal-character-name '\u0432' cannot be represented in the current code page (1252)
C:\Users\Quixar\source\repos\Group Student\Group Student.cpp(461,16): warning C4244: 'initializing': conversion from '__int64' to 'int', possible loss of data
  Group Student.vcxproj -> C:\Users\Quixar\source\repos\Group Student\x64\Debug\Group Student.exe
